<?xml version="1.0" encoding="UTF-8"?>
<testng-results ignored="0" total="1" passed="1" failed="0" skipped="0">
  <reporter-output>
  </reporter-output>
  <suite started-at="2025-01-26T07:29:19 GMT-08:00" name="Test Suite" finished-at="2025-01-26T07:29:20 GMT-08:00" duration-ms="1597">
    <groups>
    </groups>
    <test started-at="2025-01-26T07:29:19 GMT-08:00" name="Browser Test" finished-at="2025-01-26T07:29:20 GMT-08:00" duration-ms="1597">
      <class name="Academy.BrowserTest">
        <test-method signature="getData()[pri:0, instance:Academy.BrowserTest@4b0b0854]" started-at="2025-01-26T07:29:19 GMT-08:00" name="getData" finished-at="2025-01-26T07:29:20 GMT-08:00" duration-ms="1556" status="PASS">
          <reporter-output>
          </reporter-output>
        </test-method> <!-- getData -->
      </class> <!-- Academy.BrowserTest -->
    </test> <!-- Browser Test -->
  </suite> <!-- Test Suite -->
</testng-results>
