<?xml version="1.0" encoding="UTF-8"?>
<testng-results ignored="0" total="1" passed="1" failed="0" skipped="0">
  <reporter-output>
  </reporter-output>
  <suite started-at="2025-01-26T07:35:38 GMT-08:00" name="Default suite" finished-at="2025-01-26T07:35:40 GMT-08:00" duration-ms="1822">
    <groups>
    </groups>
    <test started-at="2025-01-26T07:35:38 GMT-08:00" name="Default test" finished-at="2025-01-26T07:35:40 GMT-08:00" duration-ms="1822">
      <class name="Academy.BrowserTest">
        <test-method signature="getData()[pri:0, instance:Academy.BrowserTest@7ed7259e]" started-at="2025-01-26T07:35:38 GMT-08:00" name="getData" finished-at="2025-01-26T07:35:40 GMT-08:00" duration-ms="1779" status="PASS">
          <reporter-output>
          </reporter-output>
        </test-method> <!-- getData -->
      </class> <!-- Academy.BrowserTest -->
    </test> <!-- Default test -->
  </suite> <!-- Default suite -->
</testng-results>
